<?xml version="1.0" encoding="UTF-8"?>
<testsuite name="BottlesTest" tests="6" skipped="0" failures="0" errors="0" timestamp="2022-09-20T07:20:11" hostname="DESKTOP-0M4NUBP" time="0.09">
  <properties/>
  <testcase name="test_verse_0()" classname="BottlesTest" time="0.056"/>
  <testcase name="test_verse_1()" classname="BottlesTest" time="0.001"/>
  <testcase name="test_verse_2()" classname="BottlesTest" time="0.001"/>
  <testcase name="test_verse_3()" classname="BottlesTest" time="0.022"/>
  <testcase name="test_a_couple_verses()" classname="BottlesTest" time="0.004"/>
  <testcase name="test_verse_99()" classname="BottlesTest" time="0.001"/>
  <system-out><![CDATA[]]></system-out>
  <system-err><![CDATA[]]></system-err>
</testsuite>
